[   .000] Iniazi cgrupubs cpse
[  .0000]niialzi cou subyspu
[    0.000000] Initializing cgroup subsys cpuacct
[    0.000000] Linux version 4.4.0-170-generic (buildd@lcy01-amd64-019) (gcc version 5.4.0 20160609 (Ubuntu 5.4.0-6ubuntu1~16.04.12) ) #199-Ubuntu SMP Thu Nov 14 01:45:04 UTC 2019 (Ubuntu 4.4.0-170.199-generic 4.4.200)
[    0.000000] Commnd line: BOOT_IMAGE=/boot/vmlinuz-4.4.0-170-genicoo=LELloudimg-rootfs ro cnsle=ttycool=tty
  0.000000] KERNEL supported cpus:
[    0.000000]   Intel GenuineIntel
[    0.000000]   AMD AuthenticAMD
[    0.000000]   Centaur CentaurHauls
[    0.000000] x86/fpu: xstate_offset[2]:  576, xstate_sizes[2]:  256
[    0.000000] x86/fpu: Supporting XSAVE feature 0x01: 'x87 floating point registers'
[    0.000000] x86/fpu: Supporting XSAVE feature 0x02: 'SSE registers'
[    0.000000] x86/fpu: Supporting XSAVE feature 0x04: 'AVX registers'
[    0.000000] x86/fpu: Enabled xstate features 0x7, context size is 832 bytes, using 'standard' format.
[    0.000000] e820: BIOS-provided physical RAM map:
[    0.000000] BIOS-e820: [mem 0x0000000000000000-0x000000000009fbff] usable
[    0.000000] BIOS-e820: [mem 0x000000000009fc00-0x000000000009ffff] reserved
[    0.000000] BIOS-e820: [mem 0x00000000000f0000-0x00000000000fffff] reserved
[    0.000000] BIOS-e820: [mem 0x0000000000100000-0x000000003ffeffff] usable
[    0.000000] BIOS-e820: [mem 0x000000003fff0000-0x000000003fffffff] ACPI data
[    0.000000] BIOS-e820: [mem 0x00000000fec00000-0x00000000fec00fff] reserved
[    0.000000] BIOS-e820: [mem 0x00000000fee00000-0x00000000fee00fff] reserved
[    0.000000] BIOS-e820: [mem 0x00000000fffc0000-0x00000000ffffffff] reserved
[    0.000000] NX (Execute Disable) protection: active
[    0.000000] SMBIOS 2.5 present.
[    0.000000] Hypervisor detected: KVM
[    0.000000] Kernel/User page tables isolation: disabled
[    0.000000] e820: last_pfn = 0x3fff0 max_arch_pfn = 0x400000000
[    0.000000] MTRR: Disabled
[    0.000000] x86/PAT: MTRRs disabled, skipping PAT initialization too.
[    0.000000] CPU MTRRs all blank - virtualized system.
[    0.000000] x86/PAT: Configuration [0-7]: WB  WT  UC- UC  WB  WT  UC- UC  
[    0.000000] found SMP MP-table at [mem 0x0009fff0-0x0009ffff] mapped at [ffff88000009fff0]
[    0.000000] Scanning 1 areas for low memory corruption
[    0.000000] RAMDISK: [mem 0x362f4000-0x37171fff]
[    0.000000] ACPI: Early table checksum verification disabled
[    0.000000] ACPI: RSDP 0x00000000000E0000 000024 (v02 VBOX  )
[    0.000000] ACPI: XSDT 0x000000003FFF0030 00003C (v01 VBOX   VBOXXSDT 00000001 ASL  00000061)
[    0.000000] ACPI: FACP 0x000000003FFF00F0 0000F4 (v04 VBOX   VBOXFACP 00000001 ASL  00000061)
[    0.000000] ACPI: DSDT 0x000000003FFF0470 0021FF (v02 VBOX   VBOXBIOS 00000002 INTL 20100528)
[    0.000000] ACPI: FACS 0x000000003FFF0200 000040
[    0.000000] ACPI: FACS 0x000000003FFF0200 000040
[    0.000000] ACPI: APIC 0x000000003FFF0240 00005C (v02 VBOX   VBOXAPIC 00000001 ASL  00000061)
[    0.000000] ACPI: SSDT 0x000000003FFF02A0 0001CC (v01 VBOX   VBOXCPUT 00000002 INTL 20100528)
[    0.000000] No NUMA configuration found
[    0.000000] Faking a node at [mem 0x0000000000000000-0x000000003ffeffff]
[    0.000000] NODE_DATA(0) allocated [mem 0x3ffeb000-0x3ffeffff]
[    0.000000] kvm-clock: Using msrs 4b564d01 and 4b564d00
[    0.000000] kvm-clock: cpu 0, msr 0:3ffe3001, primary cpu clock
[    0.000000] kvm-clock: using sched offset of 3287448464 cycles
[    0.000000] clocksource: kvm-clock: mask: 0xffffffffffffffff max_cycles: 0x1cd42e4dffb, max_idle_ns: 881590591483 ns
[    0.000000] Zone ranges:
[    0.000000]   DMA      [mem 0x0000000000001000-0x0000000000ffffff]
[    0.000000]   DMA32    [mem 0x0000000001000000-0x000000003ffeffff]
[    0.000000]   Normal   empty
[    0.000000]   Device   empty
[    0.000000] Movable zone start for each node
[    0.000000] Early memory node ranges
[    0.000000]   node   0: [mem 0x0000000000001000-0x000000000009efff]
[    0.000000]   node   0: [mem 0x0000000000100000-0x000000003ffeffff]
[    0.000000] Initmem setup node 0 [mem 0x0000000000001000-0x000000003ffeffff]
[    0.000000] ACPI: PM-Timer IO Port: 0x4008
[    0.000000] IOAPIC[0]: apic_id 2, version 32, address 0xfec00000, GSI 0-23
[    0.000000] ACPI: INT_SRC_OVR (bus 0 bus_irq 0 global_irq 2 dfl dfl)
[    0.000000] ACPI: INT_SRC_OVR (bus 0 bus_irq 9 global_iq 9 w vel)[  00000Usg AC (DT forMPonigurtion information
[    0.000000] smpboot: Allowing 2 CPUs, 0 hotplug CPUs
[    0.000000] PM: Registered nosave memory: [mem 0x00000000-0x00000fff]
[    0.000000] PM: Registered nosave memory: [mem 0x0009f000-0x0009ffff]
[    0.000000] PM: Registered nosave memory: [mem 0x000a0000-0x000effff]
[    0.000000] PM: Registered nosave memory: [mem 0x000f0000-0x000fffff]
[    0.000000] e820: [mem 0x40000000-0xfebfffff] available for PCI devices
[    0.000000] Booting paravirtualized kernel on KVM
[    0.000000] clocksource: refined-jiffies: mask: 0xffffffff max_cycles: 0xffffffff, max_idle_ns: 7645519600211568 ns
[    0.000000] setup_percpu: NR_CPUS:512 nr_cpumask_bits:512 nr_cpu_ids:2 nr_node_ids:1
[    0.000000] PERCPU: Embedded 33 pages/cpu @ffff88003fc00000 s95448 r8192 d31528 u1048576
[    0.000000] Built 1 zonelists in Node order, mobility grouping on.  Total pages: 257912
[    0.000000] Policy zone: DMA32
[    0.000000] Kernel command line: BOOT_IMAGE=/boot/vmlinuz-4.4.0-170-generic root=LABEL=cloudimg-rootfs ro console=tty1 console=ttyS0
[    0.000000] PID hash table entries: 4096 (order: 3, 32768 bytes)
[    0.000000] Memory: 997716K/1048120K available (8626K kernel code, 1336K rwdata, 4036K rodata, 1488K init, 1288K bss, 50404K reseed, 0K cma-reserved)
[    0.000000] SLUB: HWalign=64, Order=0-3, MinObjects=0, CPUs=2, Nodes=1
[    0.000000] Hierarchical RCU implementation.
[    0.000000] 	Build-time adjustment of leaf fanout to 64.
[    0.000000] 	RCU restricting CPUs from NR_CPUS=512 to nr_cpu_ids=2.
[    0.000000] RCU: Adjusting geometry for rcu_fanout_leaf=64, nr_cpu_ids=2
[    0.000000] NR_IRQS:33024 nr_irqs:440 16
[    0.000000] Console: colour VGA+ 80x25
[    0.000000] console [tty1] enabled
[    0.000000] console [ttyS0] enabled
[    0.000000] tsc: Detected 1992.004 MHz processor
[    1.049523] Calibrating delay loop (skipped) preset value.. 3984.00 BogoMIPS (lpj=7968016)
[    1.050567] pid_max: default: 32768 minimum: 301
[    1.051125] ACPI: Core revision 20150930
[    1.097101] ACPI: 2 ACPI AML tables successfully acquired and loaded
[    1.139030] Security Framework initialized
[    1.139552] Yama: becoming mindful.
[    1.140021] AppArmor: AppArmor initialized
[    1.140636] Dentry cache hash table entries: 131072 (order: 8, 1048576 bytes)
[    1.141605] Inode-cache hash table entries: 65536 (order: 7, 524288 bytes)
[    1.148693] Mount-cache hash table entries: 2048 (order: 2, 16384 bytes)
[    1.149505] Mountpoint-cache hash table entries: 2048 (order: 2, 16384 bytes)
[    1.150406] Initializing cgroup subsys io
[    1.150916] Initializing cgroup subsys memory
[    1.151456] Initializing cgroup subsys devices
[    1.151999] Initializing cgroup subsys freezer
[    1.152543] Initializing cgroup subsys net_cls
[    1.153085] Initializing cgroup subsys perf_event
[    1.153663] Initializing cgroup subsys net_prio
[    1.154314] Initializing cgroup subsys hugetlb
[    1.154857] Initializing cgroup subsys pids
[    1.156364] mce: CPU supports 0 MCE banks
[    1.156882] Last level iTLB entries: 4KB 64, 2MB 8, 4MB 8
[    1.157514] Last level dTLB entries: 4KB 64, 2MB 0, 4MB 0, 1GB 4
[    1.158228] Spectre V1 : Mitigation: usercopy/swapgs barriers and __user pointer sanitization
[    1.159302] Spectre V2 : Mitigation: Enhanced IBRS
[    1.159924] Spectre V2 : Spectre v2 / SpectreRSB mitigation: Filling RSB on context switch
[    1.160928] Speculative Store Bypass: Vulnerable
[    1.163216] Freeing SMP alternatives memory: 36K
[    1.167699] ftrace: allocating 32302 entries in 127 pages
[    1.206745] smpboot: APIC(0) Converting physical 0 to logical package 0
[    1.374204] smpboot: Max logical packages: 1
[    1.476633] x2apic enabled
[    1.547552] Switched APIC routing to physical x2apic.
[    1.642052] ..TIMER: vector=0x30 apic1=0 pin1=2 apic2=-1 pin2=-1
[    1.750792] smpboot: CPU0: Intel(R) Core(TM) i7-8565U CPU @ 1.80GHz (family: 0x6, model: 0x8e, stepping: 0xc)
[    1.840639] Performance Events: unsupported p6 CPU model 142 no PMU driver, software events only.
[    1.846964] KVM setup paravirtual spinlock
[    1.861174] x86: Booting SMP configuration:
[    1.861703] .... node  #0, CPUs:      #1
[    1.862350] kvm-clock: cpu 1, msr 0:3ffe3041, secondary cpu clock
[    1.864057] mce: CPU supports 0 MCE banks
[    1.866394] x86: Booted up 1 node, 2 CPUs
[    1.867104] smpboot: Total of 2 processors activated (7968.01 BogoMIPS)
[    1.868182] devtmpfs: initialized
[    1.878587] evm: security.selinux
[    1.879093] evm: security.SMACK64
[    1.879546] evm: security.SMACK64EXEC
[    1.880103] evm: security.SMACK64TRANSMUTE
[    1.880622] evm: security.SMACK64MMAP
[    1.881097] evm: security.ima
[    1.881513] evm: security.capability
[    1.882205] clocksource: jiffies: mask: 0xffffffff max_cycles: 0xffffffff, max_idle_ns: 7645041785100000 ns
[    1.888696] futex hash table entries: 512 (order: 3, 32768 bytes)
[    1.889489] pinctrl core: initialized pinctrl subsystem
[    1.890194] RTC time: 19:37:29, date: 01/13/20
[    1.948675] NET: Registered protocol family 16
[    2.053919] cpuidle: using governor ladder
[    2.070501] cpuidle: using governor menu
[    2.166398] PCCT header not found.
[    2.231930] ACPI: bus type PCI registered
[    2.331437] acpiphp: ACPI Hot Plug PCI Controller Driver version: 0.5
[    2.332244] PCI: Using configuration type 1 for base access
[    2.363118] ACPI: Added _OSI(Module Device)
[    2.377643] ACPI: Added _OSI(Processor Device)
[    2.489563] ACPI: Added _OSI(3.0 _SCP Extensions)
[    2.638002] ACPI: Added _OSI(Processor Aggregator Device)
[    2.639072] ACPI: Executed 1 blocks of module-level executable AML code
[    2.641268] ACPI: Interpreter enabled
[    2.642431] ACPI: (supports S0 S5)
[    2.642895] ACPI: Using IOAPIC for interrupt routing
[    2.643653] PCI: Using host bridge windows from ACPI; if necessary, use "pci=nocrs" and report a bug
[    2.646930] ACPI: PCI Root Bridge [PCI0] (domain 0000 [bus 00-ff])
[    2.647624] acpi PNP0A03:00: _OSC: OS supports [ASPM ClockPM Segments MSI]
[    2.648453] acpi PNP0A03:00: _OSC: not requesting OS control; OS requires [ExtendedConfig ASPM ClockPM MSI]
[    2.649594] acpi PNP0A03:00: fail to add MMCONFIG information, can't access extended PCI configuration space under this bridge.
[    2.651134] PCI host bridge to bus 0000:00
[    2.652776] pci_bus 0000:00: root bus resource [io  0x0000-0x0cf7 window]
[    2.653516] pci_bus 0000:00: root bus resource [io  0x0d00-0xffff window]
[    2.654272] pci_bus 0000:00: root bus resource [mem 0x000a0000-0x000bffff window]
[    2.657171] pci_bus 0000:00: root bus resource [mem 0x40000000-0xfdffffff window]
[    2.658105] pci_bus 0000:00: root bus resource [bus 00-ff]
[    2.659789] pci 0000:00:01.1: legacy IDE quirk: reg 0x10: [io  0x01f0-0x01f7]
[    2.660606] pci 0000:00:01.1: legacy IDE quirk: reg 0x14: [io  0x03f6]
[    2.661386] pci 0000:00:01.1: legacy IDE quirk: reg 0x18: [io  0x0170-0x0177]
[    2.662157] pci 0000:00:01.1: legacy IDE quirk: reg 0x1c: [io  0x0376]
[    2.671544] pci 0000:00:07.0: quirk: [io  0x4000-0x403f] claimed by PIIX4 ACPI
[    2.687180] pci 0000:00:07.0: quirk: [io  0x4100-0x410f] claimed by PIIX4 SMB
[    2.693474] ACPI: PCI Interrupt Link [LNKA] (IRQs 5 9 10 *11)
[    2.846505] ACPI: PCI Interrupt Link [LNKB] (IRQs 5 9 *10 11)
[    2.847546] ACPI: PCI Interrupt Link [LNKC] (IRQs 5 *9 10 11)
[    2.848486] ACPI: PCI Interrupt Link [LNKD] (IRQs 5 9 10 *11)
[    2.849505] ACPI: Enabled 2 GPEs in block 00 to 07
[    2.850365] vgaarb: setting as boot device: PCI:0000:00:02.0
[    2.947297] vgaarb: device added: PCI:0000:00:02.0,decodes=io+mem,owns=io+mem,locks=none
[    2.948373] vgaarb: loaded
[    2.948889] vgaarb: bridge control possible 0000:00:02.0
[    2.949691] SCSI subsystem initialized
[    2.950287] ACPI: bus type USB registered
[    2.955020] usbcore: registered new interface driver usbfs
[    2.955756] usbcore: registered new interface driver hub
[    2.956488] usbcore: registered new device driver usb
[    2.957301] PCI: Using ACPI for IRQ routing
[    2.977721] NetLabel: Initializing
[    2.978266] NetLabel:  domain hash size = 128
[    2.978952] NetLabel:  protocols = UNLABELED CIPSOv4
[    2.979655] NetLabel:  unlabeled traffic allowed by default
[    2.980558] amd_nb: Cannot enumerate AMD northbridges
[    3.094131] clocksource: Switched to clocksource kvm-clock
[   3.113647] AppArmor: AppArmor Filesystem Enabled
[    3.137541] pnp: PnP ACPI init
[    3.138861] pnp: PnP ACPI: found 3 devices

[  3470]losoceac_p mk:xfffma_cyces0xff, x_les:08014 
    .13946] NET: Registered protocol family 2

[   4.081]CPesabshd as tbl etres 82 orer4,65536 te)
[   .7838]TC bndhah abe ntes812 orr:5,131072 bytes)
[    5.238158] TCP: Hash tables configured (established 8192 bind 8192)
[    5.239244] UDP hash table entries: 512 (order: 2, 16384 bytes)
[    5.240148] UDP-Lite hash table entries: 512 (order: 2, 16384 bytes)
[    5.241184] NET: Registered protocol famil 1[   .3215]pc 00000000:Liitngdiect PCI/PCI transfers
[    5.621005] pci 0000:00:01.0: Activating ISA DMA hang workarounds
[    5.628297] Unpacking initramfs...

[    5.905258] Freeing initrd memory: 14840K
[    6.016231] clocksource: tsc: mask: 0xffffffffffffffff max_cycles: 0x396d59a56c3, max_idle_ns: 881590573781 ns
[    6.270454] platform rtc_cmos: registered platform RTC device (no PNP device found)
[    6.283373] Scanning for low memory corruption every 60 seconds
[    6.287514] audit: initializing netlink subsys (disabled)
[    6.418416] audit: type=2000 audit(1578944255.692:1): initialized
[    6.618730] Initialise system trusted keyring
[    6.774697] HugeTLB registered 2 MB page size, pre-allocated 0 pages
[    6.818819] zbud: loaded
[    6.819486] VFS: Disk quotas dquot_6.6.0
[    6.845676] VFS: Dquot-cache hash table entries: 512 (order 0, 4096 bytes)
[    6.893429] squashfs: version 4.0 (2009/01/31) Phillip Lougher
[    6.979533] fuse init (API version 7.23)
[  6869]eyypbikey registered
[    7.308828] Allocating IMA MOK and blacklist keyrings.
[    7.333439] Key type asymmetric registered
[    7.347126] Asymmetric key parser 'x509' registered
[    7.348149] Block layer SCSI generic (bsg) driver version 0.4 loaded (major 249)
[    7.349595] io scheduler noop registered
[    7.350382] io scheduler deadline registered (default)
[    7.351315] io scheduler cfq registered
[    7.352132] pci_hotplug: PCI Hot Plug PCI Core version: 0.5
[    7.353074] pciehp: PCI Express Hot Plug Controller Driver version: 0.4
[    7.354258] ACPI: AC Adapter [AC] (on-line)
[    7.355072] input: Power Button as /devices/LNXSYSTM:00/LNXPWRBN:00/input/input0
[    7.356332] ACPI: Power Button [PWRF]
[    7.356983] input: Sleep Button as /devices/LNXSYSTM:00/LNXSLPBN:00/input/input1
[    7.358039] ACPI: Sleep Button [SLPF]
[    7.436266] GHES: HEST is not enabled!
[    7.436746] ACPI: Battery Slot [BAT0] (battery present)
[    7.504438] Serial: 8250/16550 driver, 32 ports, IRQ sharing enabled
[    7.741649] 00:02: ttyS0 at I/O 0x3f8 (irq = 4, base_baud = 115200) is a 16550A
[    7.743429] Linux agpgart interface v0.103
[    7.745134] loop: module loaded
[    7.745909] scsi host0: ata_piix
[    7.746523] scsi host1: ata_piix
[    7.746984] ata1: PATA max UDMA/33 cmd 0x1f0 ctl 0x3f6 bmdma 0xd000 irq 14
[    7.747765] ata2: PATA max UDMA/33 cmd 0x170 ctl 0x376 bmdma 0xd008 irq 15
[    7.748591] libphy: Fixed MDIO Bus: probed
[    7.756379] tun: Universal TUN/TAP device driver, 1.6
[    7.757007] tun: (C) 1999-2004 Max Krasnyansky <maxk@qualcomm.com>
[    7.757714] PPP generic driver version 2.4.2
[    7.758306] ehci_hcd: USB 2.0 'Enhanced' Host Controller (EHCI) Driver
[    7.759149] ehci-pci: EHCI PCI platform driver
[    7.759768] ehci-platform: EHCI generic platform driver
[    7.760396] ohci_hcd: USB 1.1 'Open' Host Controller (OHCI) Driver
[    7.761124] ohci-pci: OHCI PCI platform driver
[    7.761690] ohci-platform: OHCI generic platform driver
[    7.762354] uhci_hcd: USB Universal Host Controller Interface driver
[    7.763166] i8042: PNP: PS/2 Controller [PNP0303:PS2K,PNP0f03:PS2M] at 0x60,0x64 irq 1,12
[    7.786154] serio: i8042 KBD port at 0x60,0x64 irq 1
[    7.857720] serio: i8042 AUX port at 0x60,0x64 irq 12
[    7.899979] mousedev: PS/2 mouse device common for all mice
[    7.900962] input: AT Translated Set 2 keyboard as /devices/platform/i8042/serio0/input/input2
[    7.966442] rtc_cmos rtc_cmos: rtc core: registered rtc_cmos as rtc0
[    7.979120] rtc_cmos rtc_cmos: alarms up to one day, 114 bytes nvram
[    8.047125] i2c /dev entries driver
[    8.067596] device-mapper: uevent: version 1.0.3
[    8.068243] device-mapper: ioctl: 4.34.0-ioctl (2015-10-28) initialised: dm-devel@redhat.com
[    8.146116] ledtrig-cpu: registered to indicate activity on CPUs
[    8.212959] NET: Registered protocol family 10
[    8.217462] NET: Registered protocol family 17
[    8.250385] Key type dns_resolver registered
[    8.328224] registered taskstats version 1
[    8.369068] Loading compiled-in X.509 certificates
[    8.378317] Loaded X.509 cert 'Build time autogenerated kernel key: f0e56e97f406068ace47a9bf54316e9855aaaa43'
[    8.379848] zswap: loaded using pool lzo/zbud
[    8.382023] Key type trusted registered
[    8.385662] Key type encrypted registered
[    8.404811] AppArmor: AppArmor sha1 policy hashing enabled
[    8.405938] ima: No TPM chip found, activating TPM-bypass!
[    8.406910] ima: Allocated hash algorithm: sha1
[    8.407756] evm: HMAC attrs: 0x1
[    8.408680]   Magic number: 4:542:647
[    8.409396] scsi_host host1: hash matches
[    8.410100] scsi host1: hash matches
[    8.410787] acpi LNXCPU:00: hash matches
[    8.411530] rtc_cmos rtc_cmos: setting system clock to 2020-01-13 19:37:35 UTC (1578944255)
[    8.412932] BIOS EDD facility v0.16 2004-Jun-25, 0 devices found
[    8.413698] EDD information not available.
[    8.415406] Freeing unused kernel memory: 1488K
[    8.434189] Write protecting the kernel read-only data: 14336k
[    8.556251] Freeing unused kernel memory: 1604K
[    8.658393] Freeing unused kernel memory: 60K
Loading, please wait...
starting version 229
[    8.706343] random: systemd-udevd: uninitialized urandom read (16 bytes read, 3 bits of entropy available)
[    8.706732] random: udevadm: uninitialized urandom read (16 bytes read, 3 bits of entropy available)
[    8.706741] random: udevadm: uninitialized urandom read (16 bytes read, 3 bits of entropy available)
[    8.710637] random: udevadm: uninitialized urandom read (16 bytes read, 3 bits of entropy available)
[    8.710660] random: udevadm: uninitialized urandom read (16 bytes read, 3 bits of entropy available)
[    8.710743] random: udevadm: uninitialized urandom read (16 bytes read, 3 bits of entropy available)
[    8.710768] random: udevadm: uninitialized urandom read (16 bytes read, 3 bits of entropy available)
[    8.710794] random: udevadm: uninitialized urandom read (16 bytes read, 3 bits of entropy available)
[    8.710819] random: udevadm: uninitialized urandom read (16 bytes read, 3 bits of entropy available)
[    8.710842] random: udevadm: uninitialized urandom read (16 bytes read, 3 bits of entropy available)
[    9.261002] e1000: Intel(R) PRO/1000 Network Driver - version 7.3.21-k8-NAPI
[    9.338617] e1000: Copyright (c) 1999-2006 Intel Corporation.
[    9.373801] Fusion MPT base driver 3.04.20
[    9.374397] Copyright (c) 1999-2008 LSI Corporation
[    9.377708] AVX2 version of gcm_enc/dec engaged.
[    9.378349] AES CTR mode by8 optimization enabled
[    9.381147] Fusion MPT SPI Host driver 3.04.20
[    9.576659] input: ImExPS/2 Generic Explorer Mouse as /devices/platform/i8042/serio1/input/input4
[    9.715730] e1000 0000:00:03.0 eth0: (PCI:33MHz:32-bit) 02:4f:25:6a:cc:77
[    9.894903] e1000 0000:00:03.0 eth0: Intel(R) PRO/1000 Network Connection
[   10.039206] mptbase: ioc0: Initiating bringup
[   10.643815] ioc0: LSI53C1030 A0: Capabilities={Initiator}
[   11.603729] scsi host2: ioc0: LSI53C1030 A0, FwRev=00000000h, Ports=1, MaxQ=256, IRQ=20
[   14.271516] scsi 2:0:0:0: Direct-Access     VBOX     HARDDISK         1.0  PQ: 0 ANSI: 5
[   14.368723] scsi target2:0:0: Beginning Domain Validation
[   14.447252] scsi target2:0:0: Domain Validation skipping write tests
[   14.498897] scsi target2:0:0: Ending Domain Validation
[   14.535706] scsi target2:0:0: asynchronous
[   14.580505] scsi 2:0:1:0: Direct-Access     VBOX     HARDDISK         1.0  PQ: 0 ANSI: 5
[   14.605654] e1000 0000:00:08.0 eth1: (PCI:33MHz:32-bit) 08:00:27:55:e3:71
[   14.605656] e1000 0000:00:08.0 eth1: Intel(R) PRO/1000 Network Connection
[   14.724968] e1000 0000:00:03.0 enp0s3: renamed from eth0
[   14.730495] scsi target2:0:1: Beginning Domain Validation
[   14.731388] scsi target2:0:1: Domain Validation skipping write tests
[   14.731389] scsi target2:0:1: Ending Domain Validation
[   14.731432] scsi target2:0:1: asynchronous
[   14.748589] sd 2:0:0:0: [sda] 20971520 512-byte logical blocks: (10.7 GB/10.0 GiB)
[   14.748765] sd 2:0:0:0: [sda] Write Protect is off
[   14.748854] sd 2:0:0:0: [sda] Incomplete mode parameter data
[   14.748855] sd 2:0:0:0: [sda] Assuming drive cache: write through
[   14.758329] sd 2:0:0:0: Attached scsi generic sg0 type 0
[   14.758605] sd 2:0:1:0: [sdb] 20480 512-byte logical blocks: (10.5 MB/10.0 MiB)
[   14.758720] sd 2:0:1:0: [sdb] Write Protect is off
[   14.758785] sd 2:0:1:0: Attached scsi generic sg1 type 0
[   14.758840] sd 2:0:1:0: [sdb] Incomplete mode parameter data
[   14.758841] sd 2:0:1:0: [sdb] Assuming drive cache: write through
[   14.759627]  sda: sda1
[   14.760247] sd 2:0:0:0: [sda] Attached SCSI disk
[   14.761044] sd 2:0:1:0: [sdb] Attached SCSI disk
[   15.140459] e1000 0000:00:08.0 enp0s8: renamed from eth1
Begin: Loading essential drivers ... [   16.392350] md: linear personality registered for level -1
[   16.512090] md: multipath personality registered for level -4
[   16.533619] md: raid0 personality registered for level 0
[   16.550752] md: raid1 personality registered for level 1
[   16.750317] raid6: sse2x1   gen() 13501 MB/s
[   16.906585] raid6: sse2x1   xor()  7613 MB/s
[   17.110587] raid6: sse2x2   gen() 18487 MB/s
[   17.290612] raid6: sse2x2   xor() 12408 MB/s
[   17.486296] raid6: sse2x4   gen() 19735 MB/s
[   17.670514] raid6: sse2x4   xor() 11579 MB/s
[   17.846347] raid6: avx2x1   gen() 25633 MB/s
[   17.966411] raid6: avx2x2   gen() 28314 MB/s
[   18.102682] raid6: avx2x4   gen() 36521 MB/s
[   18.133876] raid6: using algorithm avx2x4 gen() 36521 MB/s
[   18.172662] raid6: using avx2x2 recovery algorithm
[   18.265261] xor: automatically using best checksumming function:
[   18.322688]    avx       : 30426.000 MB/sec
[   18.462344] async_tx: api initialized (async)
[   18.602538] md: raid6 personality registered for level 6
[   18.800343] md: raid5 personality registered for level 5
[   18.908708] md: raid4 personality registered for level 4
[   18.913106] md: raid10 personality registered for level 10
done.
Begin: Running /scripts/init-premount ... done.
Begin: Mountin[   18.964236] Btrfs loaded
g root file system ... Begin: Running /scripts/local-top ... done.
Begin: Running /scripts/local-premount ... Scanning for Btrfs filesystems
done.
Warning: fsck no[   19.029260] EXT4-fs (sda1): mounted filesystem with ordered data mode. Opts: (null)
t present, so skipping root file system
done.
Begin: Running /scripts/local-bottom ... done.
Begin: Running /scripts/init-bottom ... done.
[   19.323209] systemd[1]: systemd 229 running in system mode. (+PAM +AUDIT +SELINUX +IMA +APPARMOR +SMACK +SYSVINIT +UTMP +LIBCRYPTSETUP +GCRYPT +GNUTLS +ACL +XZ -LZ4 +SECCOMP +BLKID +ELFUTILS +KMOD -IDN)
[   19.325228] systemd[1]: Detected virtualization oracle.
[   19.325839] systemd[1]: Detected architecture x86-64.

Welcome to [1mUbuntu 16.04.6 LTS[0m!

[   19.328030] systemd[1]: Set hostname to <ubuntu>.
[   19.330117] systemd[1]: Initializing machine ID from random generator.
[   19.330944] systemd[1]: Installed transient /etc/machine-id file.
[   19.418197] systemd[1]: Listening on LVM2 metadata daemon socket.
[[0;32m  OK  [0m] Listening on LVM2 metadata daemon socket.
[   19.419927] systemd[1]: Listening on Journal Socket.
[[0;32m  OK  [0m] Listening on Journal Socket.
[   19.421436] systemd[1]: Listening on Device-mapper event daemon FIFOs.
[[0;32m  OK  [0m] Listening on Device-mapper event daemon FIFOs.
[   19.423226] systemd[1]: Created slice User and Session Slice.
[[0;32m  OK  [0m] Created slice User and Session Slice.
[   19.424680] systemd[1]: Listening on Journal Socket (/dev/log).
[[0;32m  OK  [0m] Listening on Journal Socket (/dev/log).
[   19.5659] stem[1]: Listeni o uevCoro Sck.
[[0;32m  OK  [0m] Listening on udev Control Socket.
[   19.990863] systemd[1]: Listening on /dv/initctl Compatibility NamedPie.
[[0;32m  OK  [0m] Listening on /dev/initctl Compatibility Named Pipe.
[ 2019865]ysmd]:taedorwad ssrdeqests to llDicty tc
[[0;32m  OK  [0m] Started Forward Password Requests to Wall Directory Watch.
[   .276 sstd[: acd rg EncypteVoums.

[[0;32m  OK  [0m] Reached target Encrypted Volumes.
[   21.811234] systemd[1]: Listening on Journal Audit Socket.
[[0;32m  OK  [0m] Listening on Journal Audit Socket.
[   21.812751] systemd[1]: Reached target System Time Synchronized.
[[0;32m  OK  [0m] Reached target System Time Synchronized.
[   21.814443] systemd[1]: Started Trigger resolvconf update for networkd DNS.
[[0;32m  OK  [0m] Started Trigger resolvconf update for networkd DNS.
[   21.816232] systemd[1]: Reached target Swap.
[[0;32m  OK  [0m] Reached target Swap.
[   21.829310] systemd[1]: Set up automount Arbitrary Executable File Formats File System Automount Point.
[[0;32m  OK  [0m] Set up automount Arbitrary Executab...ats File System Automount Point.
[   21.844599] systemd[1]: Reached target User and Group Name Lookups.
[[0;32m  OK  [0m] Reached target User and Group Name Lookups.
[   21.931070] systemd[1]: Listening on udev Kernel Socket.
[[0;32m  OK  [0m] Listening on udev Kernel Socket.
[   21.932588] systemd[1]: Listening on Syslog Socket.
[[0;32m  OK  [0m] Listening on Syslog Socket.
[   21.934112] systemd[1]: Listening on LVM2 poll daemon socket.
[[0;32m  OK  [0m] Listening on LVM2 poll daemon socket.
[   21.935870] systemd[1]: Created slice System Slice.
[[0;32m  OK  [0m] Created slice System Slice.
[   21.946118] random: nonblocking pool is initialized
[   21.962680] systemd[1]: Starting Load Kernel Modules...
         Starting Load Kernel Modules...[   22.019810] Loading iSCSI transport class v2.0-870.

[   22.040051] systemd[1]: Created slice system-serial\x2dgetty.slice.
[[0;32m  OK  [0m] Created slice system-serial\x2dgetty.slice.
[   22.058291] systemd[1]: Starting Create list of required static device nodes for the current kernel...
         Starting Create [   22.062455] iscsi: registered transport (tcp)
list of required st... nodes for the current kernel...
[   22.154112] systemd[1]: Mounting POSIX Message Queue File System...
         Mounting POSIX Message Queue File System...
[   22.171030] systemd[1]: Starting Monitoring of LVM2 mirrors, snapshots etc. using dmeventd or progress polling...
         Starting Monitor[   22.308147] iscsi: registered transport (iser)
ing of LVM2 mirrors... dmeventd or progress polling...
[   22.507239] systemd[1]: Mounting Huge Pages File System...
         Mounting Huge Pages File System...
[   22.696056] systemd[1]: Starting Journal Service...
         Starting Journal Service...
[   22.894573] systemd[1]: Starting Set console keymap...
         Starting Set console keymap...
[   23.095307] systemd[1]: Starting Uncomplicated firewall...
         Starting Uncomplicated firewall...
[   23.140783] systemd[1]: Mounting Debug File System...
         Mounting Debug File System...
[   23.142565] systemd[1]: Starting Remount Root and Kernel File Systems...
         Starting Remount Root and Kernel File Systems...
[   23.144830] systemd[1]: Reached target Slices.
[   23.145537] EXT4-fs (sda1): re-mounted. Opts: (null)
[[0;32m  OK  [0m] Reached target Slices.
[   23.147087] systemd[1]: Starting Nameserver information manager...
         Starting Nameserver information manager...
[   23.149582] systemd[1]: Mounted Debug File System.
[[0;32m  OK  [0m] Mounted Debug File System.
[   23.151154] systemd[1]: Mounted Huge Pages File System.
[[0;32m  OK  [0m] Mounted Huge Pages File System.
[   23.152659] systemd[1]: Mounted POSIX Message Queue File System.
[[0;32m  OK  [0m] Mounted POSIX Message Queue File System.
[   23.154346] systemd[1]: Started Journal Service.
[[0;32m  OK  [0m] Started Journal Service.
[[0;32m  OK  [0m] Started Load Kernel Modules.
[[0;32m  OK  [0m] Started Create list of required sta...ce nodes for the current kernel.
[[0;32m  OK  [0m] Started Set console keymap.
[[0;32m  OK  [0m] Started Uncomplicated firewall.
[[0;32m  OK  [0m] Started Remount Root and Kernel File Systems.
[[0;32m  OK  [0m] Started Nameserver information manager.
[[0;32m  OK  [0m] Started LVM2 metadata daemon.
         Starting udev Coldplug all Devices...
         Starting Load/Save Random Seed...
         Starting Create Static Device Nodes in /dev...
         Mounting FUSE Control File System...
         Starting Apply Kernel Variables...
         Starting Flush Journal to Persistent Storage...
[[0;32m  OK  [0m] Mounted FUSE Control File System.
[[0;32m  OK  [0m] Started Monitoring of LVM2 mirrors,...ng dmeventd or progress polling.
[[0;32m  OK  [0m] Started Load/Save Random Seed.
[[0;32m  OK  [0m] Started Create Static Device Nodes in /dev.
[[0;32m  OK  [0m] Started Apply Kernel Variables.
[[0;32m  OK  [0m] Started udev Coldplug all Devices.
         Starting udev Kernel Device Manager...
[[0;32m  OK  [0m] Reached target Local File Systems (Pre).
[[0;32m  OK  [0m] Reached target Local File Systems.
         Starting LSB: AppArmor initialization...
         Starting Set console font and keymap...
         Starting Commit a transient machine-id on disk...
         Starting Initial cloud-init job (pre-networking)...
         Starting Tell Plymouth To Write Out Runtime Data...
[[0;32m  OK  [0m] Started udev Kernel Device Manager.
[[0;32m  OK  [0m] Started Flush Journal to Persistent Storage.
[[0;32m  OK  [0m] Started Commit a transient machine-id on disk.
[[0;32m  OK  [0m] Started Tell Plymouth To Write Out Runtime Data.
[[0;32m  OK  [0m] Found device /dev/ttyS0.
[[0;32m  OK  [0m] Listening on Load/Save RF Kill Switch Status /dev/rfkill Watch.
         Starting Create Volatile Files and Directories...
[[0;32m  OK  [0m] Started Dispatch Password Requests to Console Directory Watch.
[[0;32m  OK  [0m] Started Set console font and keymap.
[[0;32m  OK  [0m] Started Create Volatile Files and Directories.
         Starting Update UTMP about System Boot/Shutdown...
[[0;32m  OK  [0m] Created slice system-getty.slice.
[[0;32m  OK  [0m] Started Update UTMP about System Boot/Shutdown.
[   22.601517] cloud-init[629]: Cloud-init v. 19.2-36-g059d049c-0ubuntu2~16.04.1 running 'init-local' at Mon, 13 Jan 2020 19:37:52 +0000. Up 22.33 seconds.
[[0;32m  OK  [0m] Started Initial cloud-init job (pre-networking).
[[0;32m  OK  [0m] Reached target Network (Pre).
[[0;32m  OK  [0m] Started LSB: AppArmor initialization.
         Starting Raise network interfaces...
[[0;32m  OK  [0m] Started Raise network interfaces.
         Starting Initial cloud-init job (metadata service crawler)...
[[0;32m  OK  [0m] Reached target Network.
[   23.624962] cloud-init[958]: Cloud-init v. 19.2-36-g059d049c-0ubuntu2~16.04.1 running 'init' at Mon, 13 Jan 2020 19:37:53 +0000. Up 23.23 seconds.
[   23.708763] [cloud-init[0;32m  OK  [0m[958]: ] ci-info: ++++++++++++++++++++++++++++++++++++++Net device info+++++++++++++++++++++++++++++++++++++++Started Initial cloud-init job (metadata service crawler).

[   23.709266] cloud-init[958]: ci-info: +--------+-------+----------------------------+---------------+--------+-------------------+
[   24.056484] [cloud-init[0;32m  OK  [0m[958]: ] ci-info: | Device |   Up  |          Address           |      Mask     | Scope  |     Hw-Address    |Reached target Cloud-config availability.

[   24.261777] [cloud-init[0;32m  OK  [0m] Reached target System Initialization.
[958]: ci-info: +--------+-------+----------------------------+---------------+--------+-------------------+
[   24.441156] [cloud-init[0;32m  OK  [0m[958]: ] ci-info: | enp0s3 |  True |         10.0.2.15          | 255.255.255.0 | global | 02:4f:25:6a:cc:77 |Started Daily apt download activities.

[   24.443793] cloud-init[958]: ci-info: | enp0s3 |  True | fe80::4f:25ff:fe6a:cc77/64 |       .       |  link  | 02:4f:25:6a:cc:77 |
[   24.551302] cloud-init[958]: ci-info: | enp0s8 | False |             .              |       .       |   .    | 08:00:27:55:e3:71 |
[   24.556748] [[0;32m  OK  [0m] Started ACPI Events Check.
[[0;32m  OK  [0m] Reached target Paths.
[[0;32m  OK  [0m] Listening on D-Bus System Message Bus Socket.
[[0;32m  OK  [0m] Listening on ACPID Listen Socket.
[[0;32m  OK  [0m] Started Message of the Day.
cloud-init[958]: ci-info: |   lo   |  True |         127.0.0.1          |   255.0.0.0   |  host  |         .         |
[[0;32m  OK  [0m] Started Daily Cleanup of Temporary Directories.
[   24.557602]          Starting LXD - unix socket.
[[0;32m  OK  [0m] Listening on UUID daemon activation socket.
         Starting Socket activation for snappy daemon.
[[0;32m  OK  [0m] Started Daily apt upgrade and clean activities.
[[0;32m  OK  [0m] Reached target Timers.
cloud-init[958]: ci-info: |   lo   |  True |          ::1/128           |       .       |  host  |         .         |
[   24.758014] [[0;32m  OK  [0m] Reached target Network is Online.
cloud-init[958]: ci-info: +--------+-------+----------------------------+---------------+--------+-------------------+
[   24.787239]          Starting iSCSI initiator daemon (iscsid)...
cloud-init[958]: ci-info: +++++++++++++++++++++++++++Route IPv4 info++++++++++++++++++++++++++++[[0;32m  OK  [0m] Listening on LXD - unix socket.
[[0;32m  OK  [0m] Listening on Socket activation for snappy daemon.

[   24.789851] cloud-init[958]: ci-info: +-------+-------------+----------+---------------+-----------+-------+
[   24.791041] cloud-init[958]: ci-info: | Route | Destination | Gateway  |    Genmask    | Interface | Flags |
[   24.808246] [[0;32m  OK  [0m] Reached target Sockets.
[[0;32m  OK  [0m] Reached target Basic System.
cloud-init[958]: ci-info: +-------+-------------+----------+---------------+-----------+-------+
[   24.812621]          cloud-initStarting Accounts Service...[958]: 
ci-info: |   0   |   0.0.0.0   | 10.0.2.2 |    0.0.0.0    |   enp0s3  |   UG  |
[   24.842813]          Starting Pollinate to seed the pseudo random number generator...
cloud-init[958]: ci-info: |   1   |   10.0.2.0  | 0.0.0.0  | 255.255.255.0 |   enp0s3  |   U   |
[   24.845393] cloud-init[958]: ci-info: +-------+-------------+----------+---------------+-----------+-------+
[   24.847088] cloud-init[958]: ci-info: +++++++++++++++++++Route IPv6 info+++++++++++++++++++
[   24.848577] cloud-init[958]: ci-info: +-------+-------------+---------+-----------+-------+
[   24.849994] cloud-init[958]: ci-info: | Route | Destination | Gateway | Interface | Flags |
[   24.851324] cloud-init[958]: ci-info: +-------+-------------+---------+-----------+-------+
[   24.866222] [[0;32m  OK  [0m] Started Deferred execution scheduler.
cloud-init[[0;32m  OK  [0m] Started FUSE filesystem for LXC.
[958]: ci-info: |   0   |  fe80::/64  |    ::   |   enp0s3  |   U   |         Starting Snappy daemon...
[[0;32m  OK  [0m] Started ACPI event daemon.
[[0;32m  OK  [0m] Started Regular background program processing daemon.
         Starting Login Service...
         Starting /etc/rc.local Compatibility...
         Starting LSB: Record successful boot for GRUB...
[[0;32m  OK  [0m] Started D-Bus System Message Bus.

         Starting System Logging Service...
[   24.949849] cloud-init[958]: ci-info: |   3   |   ff00::/8  |    ::   |   enp0s3  |   U   |
[   24.959697] cloud-init[958]: ci-info: +-------+-------------+---------+-----------+-------+
[   24.966698]          Starting Virtualbox guest utils...
cloud-init         Starting LSB: MD monitoring daemon...
         Starting LXD - container startup/shutdown...
[[0;32m  OK  [0m] Started iSCSI initiator daemon (iscsid).
[[0;32m  OK  [0m] Started /etc/rc.local Compatibility.
[958]: Generating public/private rsa key pair.
[   24.986349] [[0;32m  OK  [0m] Started System Logging Service.
cloud-init[958]: Your identification has been saved in /etc/ssh/ssh_host_rsa_key.
[   24.995039] cloud-init[958]: Your public key has been saved in /etc/ssh/ssh_host_rsa_key.pub.
[   24.996711] cloud-init[958]: The key fingerprint is:
[   24.997941] cloud-init[958]: SHA256:F3KCClCdYpb2T68xGORDC3YOHPfA8hd9SzJ9cnZZTQM root@ubuntu-xenial
[   24.999344] cloud-init[958]: The key's randomart image is:
[   25.005216] cloud-init[958]: +---[RSA 2048]----+
[   25.032957] cloud-init[958]: |.oo=o. . .   E.=+|
[   25.036181] cloud-init[958]: | .%.Bo..+ = + o o|
[[0;32m  OK  [0m] Started Login Service.
[[0;32m  OK  [0m] Started LSB: Record successful boot for GRUB.
[[0;32m  OK  [0m] Started Virtualbox guest utils.
[[0;32m  OK  [0m] Started LSB: MD monitoring daemon.
[   25.075657] [cloud-init[0;32m  OK  [0m[958]: ] | =.& .o.o=o* .   |Started LXD - container startup/shutdown.

[   25.175176] [[0;32m  OK  [0m] Started Unattended Upgrades Shutdown.
cloud-init[958]: |   .O.o  +..     |
[   25.176781] cloud-init[958]: |    .B .S .      |
[   25.177834] cloud-init[958]: |    . + ..       |
[   25.187566] cloud-init[958]: |       +         |
[   25.188788] cloud-init[958]: |      .          |
[   25.190844] cloud-init[958]: |                 |
[   25.224335] cloud-init[958]: +----[SHA256]-----+
         Starting Authenticate and Authorize Users to Run Privileged Tasks...
[   25.231432] cloud-init[958]: Generating public/private dsa key pair.
[   25.247716] cloud-init[958]: Your identification has been saved in /etc/ssh/ssh_host_dsa_key.
[   25.262861]          Starting Login to default iSCSI targets...
cloud-init[958]: Your public key has been saved in /etc/ssh/ssh_host_dsa_key.pub.
[[0;32m  OK  [0m] Started Snappy daemon.
[   25.264261] [[0;32m  OK  [0m] Started Pollinate to seed the pseudo random number generator.
cloud-init[958]: The key fingerprint is:[[0;32m  OK  [0m] Started Authenticate and Authorize Users to Run Privileged Tasks.

[   25.279932] [cloud-init[0;32m  OK  [0m[958]: ] SHA256:x8JuqBzqG9LS5oGsVjqLc//mi3C9Wh3OQ//Hg2rAFuc root@ubuntu-xenialStarted Accounts Service.

[   25.280427] cloud-init[958]: The key's randomart image is:
[   25.309980] cloud-init[958]: +---[DSA 1024]----+
[   25.311593] cloud-init[958]: |                 |
[   25.324347] cloud-init[958]: |                 |
[   25.349163]          Starting OpenBSD Secure Shell server...
cloud-init         Starting Wait until snapd is fully seeded...
[958]: |                 |
[   25.355900] cloud-init[958]: |       ....      |
[   25.357339] cloud-init[958]: |       .S+o      |
[   25.357431] cloud-init[958]: |.+ . . B+=E      |
[   25.357483] cloud-init[958]: |+.X o +.B..  o   |
[   25.357532] cloud-init[958]: |+O.B =.o .... +  |
[   25.357579] cloud-init[958]: |+=Bo*==. ..... . |
[   25.357627] cloud-init[958]: +----[SHA256]-----+
[   25.357671] cloud-init[958]: Generating public/private ecdsa key pair.
[   25.357717] cloud-init[958]: Your identification has been saved in /etc/ssh/ssh_host_ecdsa_key.
[   25.357762] cloud-init[958]: Your public key has been saved in /etc/ssh/ssh_host_ecdsa_key.pub.
[   25.357807] cloud-init[958]: The key fingerprint is:
[   25.357853] cloud-init[958]: SHA256:nsvJZC971Ne2QQR5XiE1kvGvzQcJAKFnOjEMA1GrYBY root@ubuntu-xenial
[   25.357897] cloud-init[958]: The key's randomart image is:
[   25.357976] cloud-init[958]: +---[ECDSA 256]---+
[   25.358031] cloud-init[958]: | Eo++   oo.  =*+.|
[   25.358093] cloud-init[958]: |  .  = .   . o+oo|
[   25.358170] cloud-init[958]: |.o  . = o   . +..|
[   25.358223] cloud-init[958]: |o. .   *     . +.|
[   25.358283] cloud-init[958]: |  .   o S  .  +..|
[   25.358325] cloud-init[958]: |       o .. . .*o|
[   25.358385] cloud-init[958]: |        =.   ...*|
[   25.358464] cloud-init[958]: |       =.+.    ..|
[   25.358540] cloud-init[958]: |        *+.      |
[   25.358595] cloud-init[958]: +----[SHA256]-----+
[   25.358655] cloud-init[958]: Generating public/private ed25519 key pair.
[   25.358698] cloud-init[958]: Your identification has been saved in /etc/ssh/ssh_host_ed25519_key.
[[0;32m  OK  [0m] Started OpenBSD Secure Shell server.
[   25.362583] cloud-init[[0;32m  OK  [0m] Started Login to default iSCSI targets.
[958]: Your public key has been saved in /etc/ssh/ssh_host_ed25519_key.pub.
[   25.401366] cloud-init[958]: The key fingerprint is:
[   25.402434] cloud-init[958]: SHA256:Ka3FF48X8LHQC3oe9fkre+H8cKh1LGwcquxZSrA10l0 root@ubuntu-xenial
[   25.403796] cloud-init[958]: The key's randomart image is:
[   25.404863] cloud-init[958]: +--[ED25519 256]--+
[   25.429538] [[0;32m  OK  [0m] Reached target Remote File Systems (Pre).
[[0;32m  OK  [0m] Reached target Remote File Systems.
cloud-init[958]: |          o..    |
[   25.438679] cloud-init[958]: |          .+oo   |
         Starting Permit User Sessions...
[   25.478714] cloud-init[958]: |         ..o+oE. |
         Starting LSB: daemon to balance interrupts for SMP systems...
[   25.516633]          Starting LSB: automatic crash report generation...
cloud-init[958]: |       o.oo=.oo  |
[   25.658301]          Starting LSB: Set the CPU Frequency Scaling governor to "ondemand"...
cloud-init[958]: |      . So*.+ .. |
[   25.760911] [cloud-init[0;32m  OK  [0m[958]: ] |       + *.o + =.|Started Permit User Sessions.

[   25.761312] cloud-init[958]: |      . . . o @ *|
[   25.877029] [cloud-init[0;32m  OK  [0m[958]: ] |         o = = X |Started LSB: daemon to balance interrupts for SMP systems.

[   25.877490] [cloud-init[0;32m  OK  [0m[958]: ] |         .* ..+ o|Started LSB: automatic crash report generation.

[   26.165110] [cloud-init[0;32m  OK  [0m[958]: ] +----[SHA256]-----+Started LSB: Set the CPU Frequency Scaling governor to "ondemand".

[[0;32m  OK  [0m] Created slice User Slice of vagrant.
[[0;32m  OK  [0m] Started Session 1 of user vagrant.
         Starting User Manager for UID 1000...
         Starting Hold until boot process finishes up...
         Starting Terminate Plymouth Boot Screen...
[[0;32m  OK  [0m] Started User Manager for UID 1000.
[[0;32m  OK  [0m] Started Wait until snapd is fully seeded.
[[0;32m  OK  [0m] Started Hold until boot process finishes up.
[[0;32m  OK  [0m] Started Terminate Plymouth Boot Screen.
[[0;32m  OK  [0m] Started Getty on tty1.
[[0;32m  OK  [0m] Started Serial Getty on ttyS0.
[[0;32m  OK  [0m] Reached target Login Prompts.
         Starting Set console scheme...
         Starting Apply the settings specified in cloud-config...
[[0;32m  OK  [0m] Reached target Multi-User System.
[[0;32m  OK  [0m] Reached target Graphical Interface.
[   27.614253] cloud-init[1319]: Generating locales (this might take a while)...
         Starting Update UTMP about System Runlevel Changes...
[[0;32m  OK  [0m] Started Set console scheme.
[[0;32m  OK  [0m] Started Update UTMP about System Runlevel Changes.
[   28.364877] cloud-init[1319]:   en_US.UTF-8... done
[   28.375187] cloud-init[1319]: Generation complete.
[   28.599517] cloud-init[1319]: Cloud-init v. 19.2-36-g059d049c-0ubuntu2~16.04.1 running 'modules:config' at Mon, 13 Jan 2020 19:37:57 +0000. Up 27.55 seconds.
[[0;32m  OK  [0m] Started Apply the settings specified in cloud-config.
         Starting Execute cloud user/final scripts...
ci-info: no authorized ssh keys fingerprints found for user ubuntu.
<14>Jan 13 19:37:58 ec2: 
<14>Jan 13 19:37:58 ec2: #############################################################
<14>Jan 13 19:37:58 ec2: -----BEGIN SSH HOST KEY FINGERPRINTS-----
<14>Jan 13 19:37:58 ec2: 1024 SHA256:x8JuqBzqG9LS5oGsVjqLc//mi3C9Wh3OQ//Hg2rAFuc root@ubuntu-xenial (DSA)
<14>Jan 13 19:37:58 ec2: 256 SHA256:nsvJZC971Ne2QQR5XiE1kvGvzQcJAKFnOjEMA1GrYBY root@ubuntu-xenial (ECDSA)
<14>Jan 13 19:37:58 ec2: 256 SHA256:Ka3FF48X8LHQC3oe9fkre+H8cKh1LGwcquxZSrA10l0 root@ubuntu-xenial (ED25519)
<14>Jan 13 19:37:58 ec2: 2048 SHA256:F3KCClCdYpb2T68xGORDC3YOHPfA8hd9SzJ9cnZZTQM root@ubuntu-xenial (RSA)
<14>Jan 13 19:37:58 ec2: -----END SSH HOST KEY FINGERPRINTS-----
<14>Jan 13 19:37:58 ec2: #############################################################
-----BEGIN SSH HOST KEY KEYS-----
ecdsa-sha2-nistp256 AAAAE2VjZHNhLXNoYTItbmlzdHAyNTYAAAAIbmlzdHAyNTYAAABBBFSDfbXXqHrDCs8wvx8YktltV+nB2jhdG+geDhrWCkdQFHCSMaIAhXFdWczn/K37IVtdX11RejDmfYGWoXOfGQE= root@ubuntu-xenial
ssh-ed25519 AAAAC3NzaC1lZDI1NTE5AAAAIN93zvZCqjHwerdOEwpn6keitqF7YOgCcJh4aIFRMBhk root@ubuntu-xenial
ssh-rsa AAAAB3NzaC1yc2EAAAADAQABAAABAQDYX0xKPp4XxaC6JPZ/E58uTOO3t2kAYSl4+4mtsPtm7wuMdoyoJzmcghSjtheAVNV6yxdlPgdwOi441gkZvgG9p2zDIsUkBr/ee+5j81B7a27QoxAFLp225lRTSbHOUEqfDQyEGZ72wNa0SlAtSINQxA8VITj+5tnHBnLHuhQCjqabw2v70swSbUeCWVUXDUP5rgcH3QZdfTzTHe5QErqaUFp55IejOLLCsLWn6BEjujDW4PPXL9avAGL5Po7QJS5wcnLnzccX2u5q1w6Pm5Yu8or8eYSCJtq9aE+xX0PJDNsbl48ZKSZytpHWCO31019fZvqYyFIx/9Rj0bxaWj89 root@ubuntu-xenial
-----END SSH HOST KEY KEYS-----
[   29.350163] cloud-init[1474]: Cloud-init v. 19.2-36-g059d049c-0ubuntu2~16.04.1 running 'modules:final' at Mon, 13 Jan 2020 19:37:58 +0000. Up 29.06 seconds.
[   29.560455] [cloud-init[0;32m  OK  [0m[1474]: ] ci-info: no authorized ssh keys fingerprints found for user ubuntu.Started Execute cloud user/final scripts.

[   29.560775] cloud-init[1474]: Cloud-init v. 19.2-36-g059d049c-0ubuntu2~16.04.1 finished at Mon, 13 Jan 2020 19:37:59 +0000. Datasource DataSourceNoCloud [seed=/dev/sdb][dsmode=net].  Up 29.33 seconds
[[0;32m  OK  [0m] Reached target Cloud-init target.

Ubuntu 16.04.6 LTS ubuntu-xenial ttyS0

ubuntu-xenial login: 